<?xml version="1.0" encoding="utf-8"?><testsuites name="pytest tests"><testsuite name="pytest" errors="0" failures="0" skipped="0" tests="36" time="28.837" timestamp="2026-02-12T21:11:01.427756+00:00" hostname="agent-env-08f1e4e1-63d2-47f4-ab26-a992c6ff2209"><testcase classname="backend.tests.test_conversational_whatsapp.TestHealthAndBasicEndpoints" name="test_health_endpoint" time="0.877" /><testcase classname="backend.tests.test_conversational_whatsapp.TestHealthAndBasicEndpoints" name="test_root_endpoint_with_mcp_enabled" time="0.834" /><testcase classname="backend.tests.test_conversational_whatsapp.TestMCPEndpoint" name="test_mcp_endpoint_accessible" time="0.843" /><testcase classname="backend.tests.test_conversational_whatsapp.TestMCPEndpoint" name="test_mcp_tools_list" time="0.856" /><testcase classname="backend.tests.test_conversational_whatsapp.TestWhatsAppWebhookHelpCommand" name="test_help_command" time="0.668" /><testcase classname="backend.tests.test_conversational_whatsapp.TestWhatsAppWebhookHelpCommand" name="test_commands_keyword" time="0.846" /><testcase classname="backend.tests.test_conversational_whatsapp.TestWhatsAppWebhookListCommand" name="test_list_command_shows_properties" time="0.632" /><testcase classname="backend.tests.test_conversational_whatsapp.TestWhatsAppWebhookListCommand" name="test_properties_keyword" time="0.661" /><testcase classname="backend.tests.test_conversational_whatsapp.TestWhatsAppWebhookListCommand" name="test_list_properties_keyword" time="0.650" /><testcase classname="backend.tests.test_conversational_whatsapp.TestWhatsAppWebhookFloorControlRequiresLinking" name="test_close_floor_requires_linking" time="0.640" /><testcase classname="backend.tests.test_conversational_whatsapp.TestWhatsAppWebhookFloorControlRequiresLinking" name="test_open_floor_requires_linking" time="0.860" /><testcase classname="backend.tests.test_conversational_whatsapp.TestWhatsAppWebhookFloorControlRequiresLinking" name="test_simulate_requires_linking" time="0.647" /><testcase classname="backend.tests.test_conversational_whatsapp.TestWhatsAppWebhookFloorControlRequiresLinking" name="test_reset_requires_linking" time="0.844" /><testcase classname="backend.tests.test_conversational_whatsapp.TestWhatsAppWebhookFloorControlRequiresLinking" name="test_what_if_requires_linking" time="0.844" /><testcase classname="backend.tests.test_conversational_whatsapp.TestWhatsAppWebhookNoAuthCommands" name="test_status_command_no_auth" time="0.885" /><testcase classname="backend.tests.test_conversational_whatsapp.TestWhatsAppWebhookNoAuthCommands" name="test_property_query_requires_linking" time="0.846" /><testcase classname="backend.tests.test_conversational_whatsapp.TestWhatsAppStatusEndpoint" name="test_whatsapp_status_endpoint" time="0.859" /><testcase classname="backend.tests.test_conversational_whatsapp.TestWhatsAppStatusEndpoint" name="test_whatsapp_status_twilio_configured" time="0.643" /><testcase classname="backend.tests.test_conversational_whatsapp.TestWhatsAppStatusEndpoint" name="test_alert_scheduler_running" time="0.648" /><testcase classname="backend.tests.test_conversational_whatsapp.TestExistingAuthRoutes" name="test_properties_requires_auth" time="0.840" /><testcase classname="backend.tests.test_conversational_whatsapp.TestExistingAuthRoutes" name="test_auth_me_requires_auth" time="0.845" /><testcase classname="backend.tests.test_conversational_whatsapp.TestExistingAuthRoutes" name="test_user_state_requires_auth" time="0.875" /><testcase classname="backend.tests.test_conversational_whatsapp.TestExistingAuthRoutes" name="test_whatsapp_link_initiate_requires_auth" time="0.648" /><testcase classname="backend.tests.test_conversational_whatsapp.TestExistingAuthRoutes" name="test_whatsapp_conversations_requires_auth" time="0.911" /><testcase classname="backend.tests.test_conversational_whatsapp.TestCommandParser" name="test_close_f3_syntax" time="0.656" /><testcase classname="backend.tests.test_conversational_whatsapp.TestCommandParser" name="test_close_floor_3_syntax" time="0.645" /><testcase classname="backend.tests.test_conversational_whatsapp.TestCommandParser" name="test_property_name_recognition" time="0.640" /><testcase classname="backend.tests.test_conversational_whatsapp.TestCommandParser" name="test_unknown_command_returns_welcome" time="1.466" /><testcase classname="backend.tests.test_conversational_whatsapp.TestWhatsAppLinkingEndpoints" name="test_link_status_requires_auth" time="0.656" /><testcase classname="backend.tests.test_conversational_whatsapp.TestWhatsAppLinkingEndpoints" name="test_link_verify_requires_auth" time="0.830" /><testcase classname="backend.tests.test_conversational_whatsapp.TestWhatsAppLinkingEndpoints" name="test_link_unlink_requires_auth" time="0.858" /><testcase classname="backend.tests.test_conversational_whatsapp.TestAlertEndpoints" name="test_alerts_subscribe_requires_auth" time="0.842" /><testcase classname="backend.tests.test_conversational_whatsapp.TestAlertEndpoints" name="test_alerts_subscriptions_requires_auth" time="0.852" /><testcase classname="backend.tests.test_conversational_whatsapp.TestWebhookCommands" name="test_alerts_command_requires_linking" time="0.845" /><testcase classname="backend.tests.test_conversational_whatsapp.TestWebhookCommands" name="test_subscribe_command_via_webhook" time="0.846" /><testcase classname="backend.tests.test_conversational_whatsapp.TestWebhookCommands" name="test_unsubscribe_command_via_webhook" time="0.880" /></testsuite></testsuites>