<?xml version="1.0" encoding="utf-8"?><testsuites name="pytest tests"><testsuite name="pytest" errors="0" failures="0" skipped="0" tests="18" time="14.512" timestamp="2026-02-12T17:50:00.457307+00:00" hostname="agent-env-08f1e4e1-63d2-47f4-ab26-a992c6ff2209"><testcase classname="backend.tests.test_mcp_whatsapp.TestHealthEndpoints" name="test_health_endpoint" time="0.853" /><testcase classname="backend.tests.test_mcp_whatsapp.TestHealthEndpoints" name="test_root_endpoint" time="0.819" /><testcase classname="backend.tests.test_mcp_whatsapp.TestMCPEndpoint" name="test_mcp_initialize" time="0.826" /><testcase classname="backend.tests.test_mcp_whatsapp.TestMCPEndpoint" name="test_mcp_tools_list" time="0.854" /><testcase classname="backend.tests.test_mcp_whatsapp.TestMCPEndpoint" name="test_mcp_tools_call_list_properties" time="0.819" /><testcase classname="backend.tests.test_mcp_whatsapp.TestMCPEndpoint" name="test_mcp_tools_call_get_property_overview" time="0.853" /><testcase classname="backend.tests.test_mcp_whatsapp.TestMCPEndpoint" name="test_mcp_error_response_format" time="0.872" /><testcase classname="backend.tests.test_mcp_whatsapp.TestMCPEndpoint" name="test_mcp_unknown_tool_error" time="0.858" /><testcase classname="backend.tests.test_mcp_whatsapp.TestWhatsAppEndpoints" name="test_whatsapp_status_endpoint" time="0.860" /><testcase classname="backend.tests.test_mcp_whatsapp.TestWhatsAppEndpoints" name="test_whatsapp_webhook_list_command" time="0.859" /><testcase classname="backend.tests.test_mcp_whatsapp.TestWhatsAppEndpoints" name="test_whatsapp_webhook_property_query" time="0.667" /><testcase classname="backend.tests.test_mcp_whatsapp.TestWhatsAppEndpoints" name="test_whatsapp_webhook_help_command" time="0.829" /><testcase classname="backend.tests.test_mcp_whatsapp.TestWhatsAppEndpoints" name="test_whatsapp_webhook_default_response" time="0.653" /><testcase classname="backend.tests.test_mcp_whatsapp.TestAuthAndProtectedRoutes" name="test_properties_requires_auth" time="0.853" /><testcase classname="backend.tests.test_mcp_whatsapp.TestAuthAndProtectedRoutes" name="test_openai_mcp_removed" time="0.830" /><testcase classname="backend.tests.test_mcp_whatsapp.TestMCPAdditionalTools" name="test_simulate_floor_closure" time="0.635" /><testcase classname="backend.tests.test_mcp_whatsapp.TestMCPAdditionalTools" name="test_energy_savings_report" time="0.643" /><testcase classname="backend.tests.test_mcp_whatsapp.TestMCPAdditionalTools" name="test_get_recommendations" time="0.843" /></testsuite></testsuites>