<?xml version="1.0" encoding="utf-8"?><testsuites name="pytest tests"><testsuite name="pytest" errors="0" failures="0" skipped="0" tests="20" time="18.928" timestamp="2026-02-12T18:24:05.937222+00:00" hostname="agent-env-08f1e4e1-63d2-47f4-ab26-a992c6ff2209"><testcase classname="backend.tests.test_whatsapp_backlog.TestMessageTemplates" name="test_help_command_returns_templated_response" time="0.873" /><testcase classname="backend.tests.test_whatsapp_backlog.TestMessageTemplates" name="test_list_command_returns_property_list_template" time="0.847" /><testcase classname="backend.tests.test_whatsapp_backlog.TestMessageTemplates" name="test_property_name_query_returns_detailed_template" time="0.865" /><testcase classname="backend.tests.test_whatsapp_backlog.TestMessageTemplates" name="test_partial_property_name_match" time="0.842" /><testcase classname="backend.tests.test_whatsapp_backlog.TestAlertsCommand" name="test_alerts_command_returns_response" time="0.845" /><testcase classname="backend.tests.test_whatsapp_backlog.TestStatusCommand" name="test_status_command_returns_system_status" time="0.636" /><testcase classname="backend.tests.test_whatsapp_backlog.TestSubscribeCommand" name="test_subscribe_command_subscribes_to_alerts" time="0.634" /><testcase classname="backend.tests.test_whatsapp_backlog.TestUnsubscribeCommand" name="test_unsubscribe_command_unsubscribes_from_alerts" time="1.481" /><testcase classname="backend.tests.test_whatsapp_backlog.TestWhatsAppStatusEndpoint" name="test_status_endpoint_shows_alert_scheduler_running" time="0.629" /><testcase classname="backend.tests.test_whatsapp_backlog.TestConversationHistoryPersistence" name="test_webhook_saves_inbound_message" time="0.856" /><testcase classname="backend.tests.test_whatsapp_backlog.TestConversationHistoryPersistence" name="test_multiple_messages_in_session" time="3.143" /><testcase classname="backend.tests.test_whatsapp_backlog.TestAlertSubscriptionEndpoints" name="test_subscribe_endpoint_requires_auth" time="0.650" /><testcase classname="backend.tests.test_whatsapp_backlog.TestAlertSubscriptionEndpoints" name="test_unsubscribe_endpoint_requires_auth" time="0.810" /><testcase classname="backend.tests.test_whatsapp_backlog.TestAlertSubscriptionEndpoints" name="test_subscriptions_endpoint_requires_auth" time="0.851" /><testcase classname="backend.tests.test_whatsapp_backlog.TestAlertSubscriptionEndpoints" name="test_alert_history_endpoint_requires_auth" time="0.839" /><testcase classname="backend.tests.test_whatsapp_backlog.TestAlertSubscriptionEndpoints" name="test_check_now_endpoint_requires_auth" time="0.825" /><testcase classname="backend.tests.test_whatsapp_backlog.TestConversationHistoryEndpoints" name="test_conversations_endpoint_requires_auth" time="0.877" /><testcase classname="backend.tests.test_whatsapp_backlog.TestConversationHistoryEndpoints" name="test_conversation_by_phone_requires_auth" time="0.678" /><testcase classname="backend.tests.test_whatsapp_backlog.TestWelcomeMessage" name="test_unknown_command_returns_welcome" time="0.842" /><testcase classname="backend.tests.test_whatsapp_backlog.TestHealthCheck" name="test_api_health" time="0.813" /></testsuite></testsuites>