<?xml version="1.0" encoding="utf-8"?><testsuites name="pytest tests"><testsuite name="pytest" errors="0" failures="0" skipped="0" tests="20" time="17.865" timestamp="2026-02-12T18:26:58.293753+00:00" hostname="agent-env-08f1e4e1-63d2-47f4-ab26-a992c6ff2209"><testcase classname="backend.tests.test_whatsapp_backlog.TestMessageTemplates" name="test_help_command_returns_templated_response" time="0.914" /><testcase classname="backend.tests.test_whatsapp_backlog.TestMessageTemplates" name="test_list_command_returns_property_list_template" time="0.823" /><testcase classname="backend.tests.test_whatsapp_backlog.TestMessageTemplates" name="test_property_name_query_returns_detailed_template" time="0.824" /><testcase classname="backend.tests.test_whatsapp_backlog.TestMessageTemplates" name="test_partial_property_name_match" time="0.844" /><testcase classname="backend.tests.test_whatsapp_backlog.TestAlertsCommand" name="test_alerts_command_returns_response" time="0.629" /><testcase classname="backend.tests.test_whatsapp_backlog.TestStatusCommand" name="test_status_command_returns_system_status" time="0.857" /><testcase classname="backend.tests.test_whatsapp_backlog.TestSubscribeCommand" name="test_subscribe_command_subscribes_to_alerts" time="0.876" /><testcase classname="backend.tests.test_whatsapp_backlog.TestUnsubscribeCommand" name="test_unsubscribe_command_unsubscribes_from_alerts" time="1.509" /><testcase classname="backend.tests.test_whatsapp_backlog.TestWhatsAppStatusEndpoint" name="test_status_endpoint_shows_alert_scheduler_running" time="0.645" /><testcase classname="backend.tests.test_whatsapp_backlog.TestConversationHistoryPersistence" name="test_webhook_saves_inbound_message" time="0.626" /><testcase classname="backend.tests.test_whatsapp_backlog.TestConversationHistoryPersistence" name="test_multiple_messages_in_session" time="2.491" /><testcase classname="backend.tests.test_whatsapp_backlog.TestAlertSubscriptionEndpoints" name="test_subscribe_endpoint_requires_auth" time="0.870" /><testcase classname="backend.tests.test_whatsapp_backlog.TestAlertSubscriptionEndpoints" name="test_unsubscribe_endpoint_requires_auth" time="0.662" /><testcase classname="backend.tests.test_whatsapp_backlog.TestAlertSubscriptionEndpoints" name="test_subscriptions_endpoint_requires_auth" time="0.643" /><testcase classname="backend.tests.test_whatsapp_backlog.TestAlertSubscriptionEndpoints" name="test_alert_history_endpoint_requires_auth" time="0.830" /><testcase classname="backend.tests.test_whatsapp_backlog.TestAlertSubscriptionEndpoints" name="test_check_now_endpoint_requires_auth" time="0.640" /><testcase classname="backend.tests.test_whatsapp_backlog.TestConversationHistoryEndpoints" name="test_conversations_endpoint_requires_auth" time="0.804" /><testcase classname="backend.tests.test_whatsapp_backlog.TestConversationHistoryEndpoints" name="test_conversation_by_phone_requires_auth" time="0.818" /><testcase classname="backend.tests.test_whatsapp_backlog.TestWelcomeMessage" name="test_unknown_command_returns_welcome" time="0.648" /><testcase classname="backend.tests.test_whatsapp_backlog.TestHealthCheck" name="test_api_health" time="0.852" /></testsuite></testsuites>