<?xml version="1.0" encoding="utf-8"?><testsuites name="pytest tests"><testsuite name="pytest" errors="0" failures="0" skipped="0" tests="8" time="9.952" timestamp="2026-02-12T23:16:31.582405+00:00" hostname="agent-env-08f1e4e1-63d2-47f4-ab26-a992c6ff2209"><testcase classname="backend.tests.test_pdf_executive_summary.TestPDFExecutiveSummary" name="test_health_endpoint" time="1.257" /><testcase classname="backend.tests.test_pdf_executive_summary.TestPDFExecutiveSummary" name="test_executive_summary_data_endpoint" time="1.821" /><testcase classname="backend.tests.test_pdf_executive_summary.TestPDFExecutiveSummary" name="test_portfolio_benchmark_endpoint" time="1.000" /><testcase classname="backend.tests.test_pdf_executive_summary.TestPDFExecutiveSummary" name="test_pdf_endpoint_requires_auth" time="0.990" /><testcase classname="backend.tests.test_pdf_executive_summary.TestPDFExecutiveSummary" name="test_pdf_generation_endpoint" time="1.328" /><testcase classname="backend.tests.test_pdf_executive_summary.TestPDFExecutiveSummary" name="test_pdf_content_structure" time="1.219" /><testcase classname="backend.tests.test_pdf_executive_summary.TestPDFExecutiveSummary" name="test_whatsapp_webhook_still_works" time="1.262" /><testcase classname="backend.tests.test_pdf_executive_summary.TestPDFExecutiveSummary" name="test_whatsapp_status_endpoint" time="1.011" /></testsuite></testsuites>