<?xml version="1.0" encoding="utf-8"?><testsuites name="pytest tests"><testsuite name="pytest" errors="0" failures="0" skipped="0" tests="16" time="17.513" timestamp="2026-02-13T00:24:50.501714+00:00" hostname="agent-env-08f1e4e1-63d2-47f4-ab26-a992c6ff2209"><testcase classname="backend.tests.test_change_log_sessions.TestHealthEndpoint" name="test_health_endpoint_returns_200" time="0.880" /><testcase classname="backend.tests.test_change_log_sessions.TestChangeLogEndpointsAuth" name="test_change_log_requires_auth" time="0.850" /><testcase classname="backend.tests.test_change_log_sessions.TestChangeLogEndpointsAuth" name="test_change_log_stats_requires_auth" time="1.440" /><testcase classname="backend.tests.test_change_log_sessions.TestSessionEndpointsAuth" name="test_sessions_list_requires_auth" time="0.850" /><testcase classname="backend.tests.test_change_log_sessions.TestSessionEndpointsAuth" name="test_sessions_create_requires_auth" time="0.859" /><testcase classname="backend.tests.test_change_log_sessions.TestUserStateMutationAuth" name="test_close_floors_requires_auth" time="0.857" /><testcase classname="backend.tests.test_change_log_sessions.TestChangeLogWithAuth" name="test_get_change_log" time="0.673" /><testcase classname="backend.tests.test_change_log_sessions.TestChangeLogWithAuth" name="test_get_change_log_stats" time="0.850" /><testcase classname="backend.tests.test_change_log_sessions.TestSessionsWithAuth" name="test_create_session" time="0.865" /><testcase classname="backend.tests.test_change_log_sessions.TestSessionsWithAuth" name="test_get_sessions_list" time="0.656" /><testcase classname="backend.tests.test_change_log_sessions.TestMutationWithChangeLogging" name="test_close_floors_logs_change" time="4.595" /><testcase classname="backend.tests.test_change_log_sessions.TestMutationWithChangeLogging" name="test_open_floors_requires_auth" time="0.855" /><testcase classname="backend.tests.test_change_log_sessions.TestChangeLogFiltering" name="test_filter_by_entity_type" time="0.846" /><testcase classname="backend.tests.test_change_log_sessions.TestChangeLogFiltering" name="test_filter_by_entity_id" time="0.658" /><testcase classname="backend.tests.test_change_log_sessions.TestChangeLogFiltering" name="test_change_log_limit" time="0.850" /><testcase classname="backend.tests.test_change_log_sessions.TestEntityChangeHistory" name="test_get_entity_history" time="0.856" /></testsuite></testsuites>