<?xml version="1.0" encoding="utf-8"?><testsuites name="pytest tests"><testsuite name="pytest" errors="0" failures="3" skipped="0" tests="36" time="29.251" timestamp="2026-02-12T21:10:01.652317+00:00" hostname="agent-env-08f1e4e1-63d2-47f4-ab26-a992c6ff2209"><testcase classname="backend.tests.test_conversational_whatsapp.TestHealthAndBasicEndpoints" name="test_health_endpoint" time="0.898" /><testcase classname="backend.tests.test_conversational_whatsapp.TestHealthAndBasicEndpoints" name="test_root_endpoint_with_mcp_enabled" time="0.849" /><testcase classname="backend.tests.test_conversational_whatsapp.TestMCPEndpoint" name="test_mcp_endpoint_accessible" time="0.650" /><testcase classname="backend.tests.test_conversational_whatsapp.TestMCPEndpoint" name="test_mcp_tools_list" time="0.833" /><testcase classname="backend.tests.test_conversational_whatsapp.TestWhatsAppWebhookHelpCommand" name="test_help_command" time="0.906" /><testcase classname="backend.tests.test_conversational_whatsapp.TestWhatsAppWebhookHelpCommand" name="test_commands_keyword" time="0.841" /><testcase classname="backend.tests.test_conversational_whatsapp.TestWhatsAppWebhookListCommand" name="test_list_command_shows_properties" time="0.860" /><testcase classname="backend.tests.test_conversational_whatsapp.TestWhatsAppWebhookListCommand" name="test_properties_keyword" time="0.878" /><testcase classname="backend.tests.test_conversational_whatsapp.TestWhatsAppWebhookListCommand" name="test_list_properties_keyword" time="0.639" /><testcase classname="backend.tests.test_conversational_whatsapp.TestWhatsAppWebhookFloorControlRequiresLinking" name="test_close_floor_requires_linking" time="0.859" /><testcase classname="backend.tests.test_conversational_whatsapp.TestWhatsAppWebhookFloorControlRequiresLinking" name="test_open_floor_requires_linking" time="0.843" /><testcase classname="backend.tests.test_conversational_whatsapp.TestWhatsAppWebhookFloorControlRequiresLinking" name="test_simulate_requires_linking" time="0.636" /><testcase classname="backend.tests.test_conversational_whatsapp.TestWhatsAppWebhookFloorControlRequiresLinking" name="test_reset_requires_linking" time="0.844" /><testcase classname="backend.tests.test_conversational_whatsapp.TestWhatsAppWebhookFloorControlRequiresLinking" name="test_what_if_requires_linking" time="0.637" /><testcase classname="backend.tests.test_conversational_whatsapp.TestWhatsAppWebhookNoAuthCommands" name="test_status_command_no_auth" time="0.885" /><testcase classname="backend.tests.test_conversational_whatsapp.TestWhatsAppWebhookNoAuthCommands" name="test_property_query_no_auth" time="0.641"><failure message="assert 'Horizon Tech Park' in '&lt;?xml version=&quot;1.0&quot; encoding=&quot;UTF-8&quot;?&gt;&lt;Response&gt;&lt;Message&gt;#x1F512 *Account Not Linked*\n\nTo use floor controls, simulations, and reports, please link your WhatsApp in the dashboard.\n\n━━━━━━━━━━━━━━━━━━\n*Available without linking:*\n• *list* - View all properties\n• *help* - Show commands\n• *status* - System status\n━━━━━━━━━━━━━━━━━━\n\n_Log in to your dashboard and go to Settings → Link WhatsApp_&lt;/Message&gt;&lt;/Response&gt;'">backend/tests/test_conversational_whatsapp.py:324: in test_property_query_no_auth
    assert "Horizon Tech Park" in content
E   assert 'Horizon Tech Park' in '&lt;?xml version="1.0" encoding="UTF-8"?&gt;&lt;Response&gt;&lt;Message&gt;#x1F512 *Account Not Linked*\n\nTo use floor controls, simulations, and reports, please link your WhatsApp in the dashboard.\n\n━━━━━━━━━━━━━━━━━━\n*Available without linking:*\n• *list* - View all properties\n• *help* - Show commands\n• *status* - System status\n━━━━━━━━━━━━━━━━━━\n\n_Log in to your dashboard and go to Settings → Link WhatsApp_&lt;/Message&gt;&lt;/Response&gt;'</failure></testcase><testcase classname="backend.tests.test_conversational_whatsapp.TestWhatsAppStatusEndpoint" name="test_whatsapp_status_endpoint" time="0.853" /><testcase classname="backend.tests.test_conversational_whatsapp.TestWhatsAppStatusEndpoint" name="test_whatsapp_status_twilio_configured" time="0.842" /><testcase classname="backend.tests.test_conversational_whatsapp.TestWhatsAppStatusEndpoint" name="test_alert_scheduler_running" time="0.646" /><testcase classname="backend.tests.test_conversational_whatsapp.TestExistingAuthRoutes" name="test_properties_requires_auth" time="0.857" /><testcase classname="backend.tests.test_conversational_whatsapp.TestExistingAuthRoutes" name="test_auth_me_requires_auth" time="0.839" /><testcase classname="backend.tests.test_conversational_whatsapp.TestExistingAuthRoutes" name="test_user_state_requires_auth" time="0.873" /><testcase classname="backend.tests.test_conversational_whatsapp.TestExistingAuthRoutes" name="test_whatsapp_link_initiate_requires_auth" time="0.852" /><testcase classname="backend.tests.test_conversational_whatsapp.TestExistingAuthRoutes" name="test_whatsapp_conversations_requires_auth" time="0.856" /><testcase classname="backend.tests.test_conversational_whatsapp.TestCommandParser" name="test_close_f3_syntax" time="0.648" /><testcase classname="backend.tests.test_conversational_whatsapp.TestCommandParser" name="test_close_floor_3_syntax" time="0.847" /><testcase classname="backend.tests.test_conversational_whatsapp.TestCommandParser" name="test_property_name_recognition" time="0.857"><failure message="assert 'Horizon Tech Park' in '&lt;?xml version=&quot;1.0&quot; encoding=&quot;UTF-8&quot;?&gt;&lt;Response&gt;&lt;Message&gt;#x1F512 *Account Not Linked*\n\nTo use floor controls, simulations, and reports, please link your WhatsApp in the dashboard.\n\n━━━━━━━━━━━━━━━━━━\n*Available without linking:*\n• *list* - View all properties\n• *help* - Show commands\n• *status* - System status\n━━━━━━━━━━━━━━━━━━\n\n_Log in to your dashboard and go to Settings → Link WhatsApp_&lt;/Message&gt;&lt;/Response&gt;'">backend/tests/test_conversational_whatsapp.py:473: in test_property_name_recognition
    assert "Horizon Tech Park" in content
E   assert 'Horizon Tech Park' in '&lt;?xml version="1.0" encoding="UTF-8"?&gt;&lt;Response&gt;&lt;Message&gt;#x1F512 *Account Not Linked*\n\nTo use floor controls, simulations, and reports, please link your WhatsApp in the dashboard.\n\n━━━━━━━━━━━━━━━━━━\n*Available without linking:*\n• *list* - View all properties\n• *help* - Show commands\n• *status* - System status\n━━━━━━━━━━━━━━━━━━\n\n_Log in to your dashboard and go to Settings → Link WhatsApp_&lt;/Message&gt;&lt;/Response&gt;'</failure></testcase><testcase classname="backend.tests.test_conversational_whatsapp.TestCommandParser" name="test_unknown_command_returns_welcome" time="0.636" /><testcase classname="backend.tests.test_conversational_whatsapp.TestWhatsAppLinkingEndpoints" name="test_link_status_requires_auth" time="0.866" /><testcase classname="backend.tests.test_conversational_whatsapp.TestWhatsAppLinkingEndpoints" name="test_link_verify_requires_auth" time="0.645" /><testcase classname="backend.tests.test_conversational_whatsapp.TestWhatsAppLinkingEndpoints" name="test_link_unlink_requires_auth" time="0.855" /><testcase classname="backend.tests.test_conversational_whatsapp.TestAlertEndpoints" name="test_alerts_subscribe_requires_auth" time="0.819" /><testcase classname="backend.tests.test_conversational_whatsapp.TestAlertEndpoints" name="test_alerts_subscriptions_requires_auth" time="1.425" /><testcase classname="backend.tests.test_conversational_whatsapp.TestWebhookCommands" name="test_alerts_command_via_webhook" time="0.648"><failure message="assert ('Alert' in '&lt;?xml version=&quot;1.0&quot; encoding=&quot;UTF-8&quot;?&gt;&lt;Response&gt;&lt;Message&gt;#x1F512 *Account Not Linked*\n\nTo use floor controls, simulations, and reports, please link your WhatsApp in the dashboard.\n\n━━━━━━━━━━━━━━━━━━\n*Available without linking:*\n• *list* - View all properties\n• *help* - Show commands\n• *status* - System status\n━━━━━━━━━━━━━━━━━━\n\n_Log in to your dashboard and go to Settings → Link WhatsApp_&lt;/Message&gt;&lt;/Response&gt;' or 'alert' in '&lt;?xml version=&quot;1.0&quot; encoding=&quot;utf-8&quot;?&gt;&lt;response&gt;&lt;message&gt;#x1F512 *account not linked*\n\nto use floor controls, simulations, and reports, please link your whatsapp in the dashboard.\n\n━━━━━━━━━━━━━━━━━━\n*available without linking:*\n• *list* - view all properties\n• *help* - show commands\n• *status* - system status\n━━━━━━━━━━━━━━━━━━\n\n_log in to your dashboard and go to settings → link whatsapp_&lt;/message&gt;&lt;/response&gt;' or 'No Active' in '&lt;?xml version=&quot;1.0&quot; encoding=&quot;UTF-8&quot;?&gt;&lt;Response&gt;&lt;Message&gt;#x1F512 *Account Not Linked*\n\nTo use floor controls, simulations, and reports, please link your WhatsApp in the dashboard.\n\n━━━━━━━━━━━━━━━━━━\n*Available without linking:*\n• *list* - View all properties\n• *help* - Show commands\n• *status* - System status\n━━━━━━━━━━━━━━━━━━\n\n_Log in to your dashboard and go to Settings → Link WhatsApp_&lt;/Message&gt;&lt;/Response&gt;')&#10; +  where '&lt;?xml version=&quot;1.0&quot; encoding=&quot;utf-8&quot;?&gt;&lt;response&gt;&lt;message&gt;#x1F512 *account not linked*\n\nto use floor controls, simulations, and reports, please link your whatsapp in the dashboard.\n\n━━━━━━━━━━━━━━━━━━\n*available without linking:*\n• *list* - view all properties\n• *help* - show commands\n• *status* - system status\n━━━━━━━━━━━━━━━━━━\n\n_log in to your dashboard and go to settings → link whatsapp_&lt;/message&gt;&lt;/response&gt;' = &lt;built-in method lower of str object at 0xafb297232730&gt;()&#10; +    where &lt;built-in method lower of str object at 0xafb297232730&gt; = '&lt;?xml version=&quot;1.0&quot; encoding=&quot;UTF-8&quot;?&gt;&lt;Response&gt;&lt;Message&gt;#x1F512 *Account Not Linked*\n\nTo use floor controls, simulations, and reports, please link your WhatsApp in the dashboard.\n\n━━━━━━━━━━━━━━━━━━\n*Available without linking:*\n• *list* - View all properties\n• *help* - Show commands\n• *status* - System status\n━━━━━━━━━━━━━━━━━━\n\n_Log in to your dashboard and go to Settings → Link WhatsApp_&lt;/Message&gt;&lt;/Response&gt;'.lower">backend/tests/test_conversational_whatsapp.py:555: in test_alerts_command_via_webhook
    assert "Alert" in content or "alert" in content.lower() or "No Active" in content
E   assert ('Alert' in '&lt;?xml version="1.0" encoding="UTF-8"?&gt;&lt;Response&gt;&lt;Message&gt;#x1F512 *Account Not Linked*\n\nTo use floor controls, simulations, and reports, please link your WhatsApp in the dashboard.\n\n━━━━━━━━━━━━━━━━━━\n*Available without linking:*\n• *list* - View all properties\n• *help* - Show commands\n• *status* - System status\n━━━━━━━━━━━━━━━━━━\n\n_Log in to your dashboard and go to Settings → Link WhatsApp_&lt;/Message&gt;&lt;/Response&gt;' or 'alert' in '&lt;?xml version="1.0" encoding="utf-8"?&gt;&lt;response&gt;&lt;message&gt;#x1F512 *account not linked*\n\nto use floor controls, simulations, and reports, please link your whatsapp in the dashboard.\n\n━━━━━━━━━━━━━━━━━━\n*available without linking:*\n• *list* - view all properties\n• *help* - show commands\n• *status* - system status\n━━━━━━━━━━━━━━━━━━\n\n_log in to your dashboard and go to settings → link whatsapp_&lt;/message&gt;&lt;/response&gt;' or 'No Active' in '&lt;?xml version="1.0" encoding="UTF-8"?&gt;&lt;Response&gt;&lt;Message&gt;#x1F512 *Account Not Linked*\n\nTo use floor controls, simulations, and reports, please link your WhatsApp in the dashboard.\n\n━━━━━━━━━━━━━━━━━━\n*Available without linking:*\n• *list* - View all properties\n• *help* - Show commands\n• *status* - System status\n━━━━━━━━━━━━━━━━━━\n\n_Log in to your dashboard and go to Settings → Link WhatsApp_&lt;/Message&gt;&lt;/Response&gt;')
E    +  where '&lt;?xml version="1.0" encoding="utf-8"?&gt;&lt;response&gt;&lt;message&gt;#x1F512 *account not linked*\n\nto use floor controls, simulations, and reports, please link your whatsapp in the dashboard.\n\n━━━━━━━━━━━━━━━━━━\n*available without linking:*\n• *list* - view all properties\n• *help* - show commands\n• *status* - system status\n━━━━━━━━━━━━━━━━━━\n\n_log in to your dashboard and go to settings → link whatsapp_&lt;/message&gt;&lt;/response&gt;' = &lt;built-in method lower of str object at 0xafb297232730&gt;()
E    +    where &lt;built-in method lower of str object at 0xafb297232730&gt; = '&lt;?xml version="1.0" encoding="UTF-8"?&gt;&lt;Response&gt;&lt;Message&gt;#x1F512 *Account Not Linked*\n\nTo use floor controls, simulations, and reports, please link your WhatsApp in the dashboard.\n\n━━━━━━━━━━━━━━━━━━\n*Available without linking:*\n• *list* - View all properties\n• *help* - Show commands\n• *status* - System status\n━━━━━━━━━━━━━━━━━━\n\n_Log in to your dashboard and go to Settings → Link WhatsApp_&lt;/Message&gt;&lt;/Response&gt;'.lower</failure></testcase><testcase classname="backend.tests.test_conversational_whatsapp.TestWebhookCommands" name="test_subscribe_command_via_webhook" time="0.678" /><testcase classname="backend.tests.test_conversational_whatsapp.TestWebhookCommands" name="test_unsubscribe_command_via_webhook" time="0.859" /></testsuite></testsuites>