<?xml version="1.0" encoding="utf-8"?><testsuites name="pytest tests"><testsuite name="pytest" errors="0" failures="0" skipped="0" tests="74" time="62.700" timestamp="2026-02-12T21:13:36.784308+00:00" hostname="agent-env-08f1e4e1-63d2-47f4-ab26-a992c6ff2209"><testcase classname="backend.tests.test_conversational_whatsapp.TestHealthAndBasicEndpoints" name="test_health_endpoint" time="0.889" /><testcase classname="backend.tests.test_conversational_whatsapp.TestHealthAndBasicEndpoints" name="test_root_endpoint_with_mcp_enabled" time="0.855" /><testcase classname="backend.tests.test_conversational_whatsapp.TestMCPEndpoint" name="test_mcp_endpoint_accessible" time="0.638" /><testcase classname="backend.tests.test_conversational_whatsapp.TestMCPEndpoint" name="test_mcp_tools_list" time="0.860" /><testcase classname="backend.tests.test_conversational_whatsapp.TestWhatsAppWebhookHelpCommand" name="test_help_command" time="0.872" /><testcase classname="backend.tests.test_conversational_whatsapp.TestWhatsAppWebhookHelpCommand" name="test_commands_keyword" time="0.849" /><testcase classname="backend.tests.test_conversational_whatsapp.TestWhatsAppWebhookListCommand" name="test_list_command_shows_properties" time="0.641" /><testcase classname="backend.tests.test_conversational_whatsapp.TestWhatsAppWebhookListCommand" name="test_properties_keyword" time="0.657" /><testcase classname="backend.tests.test_conversational_whatsapp.TestWhatsAppWebhookListCommand" name="test_list_properties_keyword" time="0.848" /><testcase classname="backend.tests.test_conversational_whatsapp.TestWhatsAppWebhookFloorControlRequiresLinking" name="test_close_floor_requires_linking" time="0.839" /><testcase classname="backend.tests.test_conversational_whatsapp.TestWhatsAppWebhookFloorControlRequiresLinking" name="test_open_floor_requires_linking" time="0.642" /><testcase classname="backend.tests.test_conversational_whatsapp.TestWhatsAppWebhookFloorControlRequiresLinking" name="test_simulate_requires_linking" time="0.843" /><testcase classname="backend.tests.test_conversational_whatsapp.TestWhatsAppWebhookFloorControlRequiresLinking" name="test_reset_requires_linking" time="0.854" /><testcase classname="backend.tests.test_conversational_whatsapp.TestWhatsAppWebhookFloorControlRequiresLinking" name="test_what_if_requires_linking" time="0.833" /><testcase classname="backend.tests.test_conversational_whatsapp.TestWhatsAppWebhookNoAuthCommands" name="test_status_command_no_auth" time="0.875" /><testcase classname="backend.tests.test_conversational_whatsapp.TestWhatsAppWebhookNoAuthCommands" name="test_property_query_requires_linking" time="0.639" /><testcase classname="backend.tests.test_conversational_whatsapp.TestWhatsAppStatusEndpoint" name="test_whatsapp_status_endpoint" time="0.854" /><testcase classname="backend.tests.test_conversational_whatsapp.TestWhatsAppStatusEndpoint" name="test_whatsapp_status_twilio_configured" time="0.842" /><testcase classname="backend.tests.test_conversational_whatsapp.TestWhatsAppStatusEndpoint" name="test_alert_scheduler_running" time="0.847" /><testcase classname="backend.tests.test_conversational_whatsapp.TestExistingAuthRoutes" name="test_properties_requires_auth" time="0.844" /><testcase classname="backend.tests.test_conversational_whatsapp.TestExistingAuthRoutes" name="test_auth_me_requires_auth" time="0.629" /><testcase classname="backend.tests.test_conversational_whatsapp.TestExistingAuthRoutes" name="test_user_state_requires_auth" time="0.868" /><testcase classname="backend.tests.test_conversational_whatsapp.TestExistingAuthRoutes" name="test_whatsapp_link_initiate_requires_auth" time="0.648" /><testcase classname="backend.tests.test_conversational_whatsapp.TestExistingAuthRoutes" name="test_whatsapp_conversations_requires_auth" time="0.845" /><testcase classname="backend.tests.test_conversational_whatsapp.TestCommandParser" name="test_close_f3_syntax" time="0.651" /><testcase classname="backend.tests.test_conversational_whatsapp.TestCommandParser" name="test_close_floor_3_syntax" time="0.848" /><testcase classname="backend.tests.test_conversational_whatsapp.TestCommandParser" name="test_property_name_recognition" time="0.854" /><testcase classname="backend.tests.test_conversational_whatsapp.TestCommandParser" name="test_unknown_command_returns_welcome" time="0.873" /><testcase classname="backend.tests.test_conversational_whatsapp.TestWhatsAppLinkingEndpoints" name="test_link_status_requires_auth" time="0.870" /><testcase classname="backend.tests.test_conversational_whatsapp.TestWhatsAppLinkingEndpoints" name="test_link_verify_requires_auth" time="0.855" /><testcase classname="backend.tests.test_conversational_whatsapp.TestWhatsAppLinkingEndpoints" name="test_link_unlink_requires_auth" time="0.647" /><testcase classname="backend.tests.test_conversational_whatsapp.TestAlertEndpoints" name="test_alerts_subscribe_requires_auth" time="1.264" /><testcase classname="backend.tests.test_conversational_whatsapp.TestAlertEndpoints" name="test_alerts_subscriptions_requires_auth" time="0.846" /><testcase classname="backend.tests.test_conversational_whatsapp.TestWebhookCommands" name="test_alerts_command_requires_linking" time="0.853" /><testcase classname="backend.tests.test_conversational_whatsapp.TestWebhookCommands" name="test_subscribe_command_via_webhook" time="0.869" /><testcase classname="backend.tests.test_conversational_whatsapp.TestWebhookCommands" name="test_unsubscribe_command_via_webhook" time="0.651" /><testcase classname="backend.tests.test_mcp_whatsapp.TestHealthEndpoints" name="test_health_endpoint" time="0.852" /><testcase classname="backend.tests.test_mcp_whatsapp.TestHealthEndpoints" name="test_root_endpoint" time="0.840" /><testcase classname="backend.tests.test_mcp_whatsapp.TestMCPEndpoint" name="test_mcp_initialize" time="0.870" /><testcase classname="backend.tests.test_mcp_whatsapp.TestMCPEndpoint" name="test_mcp_tools_list" time="0.838" /><testcase classname="backend.tests.test_mcp_whatsapp.TestMCPEndpoint" name="test_mcp_tools_call_list_properties" time="0.843" /><testcase classname="backend.tests.test_mcp_whatsapp.TestMCPEndpoint" name="test_mcp_tools_call_get_property_overview" time="0.860" /><testcase classname="backend.tests.test_mcp_whatsapp.TestMCPEndpoint" name="test_mcp_error_response_format" time="0.863" /><testcase classname="backend.tests.test_mcp_whatsapp.TestMCPEndpoint" name="test_mcp_unknown_tool_error" time="0.644" /><testcase classname="backend.tests.test_mcp_whatsapp.TestWhatsAppEndpoints" name="test_whatsapp_status_endpoint" time="0.634" /><testcase classname="backend.tests.test_mcp_whatsapp.TestWhatsAppEndpoints" name="test_whatsapp_webhook_list_command" time="0.834" /><testcase classname="backend.tests.test_mcp_whatsapp.TestWhatsAppEndpoints" name="test_whatsapp_webhook_property_query" time="0.647" /><testcase classname="backend.tests.test_mcp_whatsapp.TestWhatsAppEndpoints" name="test_whatsapp_webhook_help_command" time="0.855" /><testcase classname="backend.tests.test_mcp_whatsapp.TestWhatsAppEndpoints" name="test_whatsapp_webhook_default_response" time="0.669" /><testcase classname="backend.tests.test_mcp_whatsapp.TestAuthAndProtectedRoutes" name="test_properties_requires_auth" time="1.438" /><testcase classname="backend.tests.test_mcp_whatsapp.TestAuthAndProtectedRoutes" name="test_openai_mcp_removed" time="0.618" /><testcase classname="backend.tests.test_mcp_whatsapp.TestMCPAdditionalTools" name="test_simulate_floor_closure" time="0.851" /><testcase classname="backend.tests.test_mcp_whatsapp.TestMCPAdditionalTools" name="test_energy_savings_report" time="0.849" /><testcase classname="backend.tests.test_mcp_whatsapp.TestMCPAdditionalTools" name="test_get_recommendations" time="0.844" /><testcase classname="backend.tests.test_whatsapp_backlog.TestMessageTemplates" name="test_help_command_returns_templated_response" time="0.873" /><testcase classname="backend.tests.test_whatsapp_backlog.TestMessageTemplates" name="test_list_command_returns_property_list_template" time="0.860" /><testcase classname="backend.tests.test_whatsapp_backlog.TestMessageTemplates" name="test_property_name_query_requires_linking" time="0.848" /><testcase classname="backend.tests.test_whatsapp_backlog.TestMessageTemplates" name="test_partial_property_name_requires_linking" time="0.646" /><testcase classname="backend.tests.test_whatsapp_backlog.TestAlertsCommand" name="test_alerts_command_requires_linking" time="0.846" /><testcase classname="backend.tests.test_whatsapp_backlog.TestStatusCommand" name="test_status_command_returns_system_status" time="0.648" /><testcase classname="backend.tests.test_whatsapp_backlog.TestSubscribeCommand" name="test_subscribe_command_requires_linking" time="1.428" /><testcase classname="backend.tests.test_whatsapp_backlog.TestUnsubscribeCommand" name="test_unsubscribe_command_unsubscribes_from_alerts" time="1.510" /><testcase classname="backend.tests.test_whatsapp_backlog.TestWhatsAppStatusEndpoint" name="test_status_endpoint_shows_alert_scheduler_running" time="0.872" /><testcase classname="backend.tests.test_whatsapp_backlog.TestConversationHistoryPersistence" name="test_webhook_saves_inbound_message" time="0.645" /><testcase classname="backend.tests.test_whatsapp_backlog.TestConversationHistoryPersistence" name="test_multiple_messages_in_session" time="2.332" /><testcase classname="backend.tests.test_whatsapp_backlog.TestAlertSubscriptionEndpoints" name="test_subscribe_endpoint_requires_auth" time="0.857" /><testcase classname="backend.tests.test_whatsapp_backlog.TestAlertSubscriptionEndpoints" name="test_unsubscribe_endpoint_requires_auth" time="0.853" /><testcase classname="backend.tests.test_whatsapp_backlog.TestAlertSubscriptionEndpoints" name="test_subscriptions_endpoint_requires_auth" time="0.841" /><testcase classname="backend.tests.test_whatsapp_backlog.TestAlertSubscriptionEndpoints" name="test_alert_history_endpoint_requires_auth" time="0.842" /><testcase classname="backend.tests.test_whatsapp_backlog.TestAlertSubscriptionEndpoints" name="test_check_now_endpoint_requires_auth" time="0.645" /><testcase classname="backend.tests.test_whatsapp_backlog.TestConversationHistoryEndpoints" name="test_conversations_endpoint_requires_auth" time="0.855" /><testcase classname="backend.tests.test_whatsapp_backlog.TestConversationHistoryEndpoints" name="test_conversation_by_phone_requires_auth" time="0.635" /><testcase classname="backend.tests.test_whatsapp_backlog.TestWelcomeMessage" name="test_unknown_command_returns_welcome" time="0.734" /><testcase classname="backend.tests.test_whatsapp_backlog.TestHealthCheck" name="test_api_health" time="0.839" /></testsuite></testsuites>