<?xml version="1.0" encoding="utf-8"?><testsuites name="pytest tests"><testsuite name="pytest" errors="0" failures="0" skipped="0" tests="17" time="30.098" timestamp="2026-02-13T01:24:18.115675+00:00" hostname="agent-env-ab71b415-7b91-41ff-90e3-f6c462f5d34c"><testcase classname="backend.tests.test_global_state_sync.TestHealthAndAuth" name="test_health_check" time="0.869" /><testcase classname="backend.tests.test_global_state_sync.TestHealthAndAuth" name="test_user_state_requires_auth" time="0.853" /><testcase classname="backend.tests.test_global_state_sync.TestHealthAndAuth" name="test_close_floors_requires_auth" time="0.856" /><testcase classname="backend.tests.test_global_state_sync.TestHealthAndAuth" name="test_open_floors_requires_auth" time="0.855" /><testcase classname="backend.tests.test_global_state_sync.TestPropertiesEndpoint" name="test_get_properties" time="0.842" /><testcase classname="backend.tests.test_global_state_sync.TestGlobalStateSync" name="test_get_all_user_states_empty" time="1.712" /><testcase classname="backend.tests.test_global_state_sync.TestGlobalStateSync" name="test_close_floors_success" time="1.514" /><testcase classname="backend.tests.test_global_state_sync.TestGlobalStateSync" name="test_close_floors_persists_and_returns_analytics" time="2.339" /><testcase classname="backend.tests.test_global_state_sync.TestGlobalStateSync" name="test_get_all_user_states_with_closed_floors" time="3.445" /><testcase classname="backend.tests.test_global_state_sync.TestGlobalStateSync" name="test_open_floors_success" time="2.350" /><testcase classname="backend.tests.test_global_state_sync.TestGlobalStateSync" name="test_reset_property_state" time="3.437" /><testcase classname="backend.tests.test_global_state_sync.TestGlobalStateSync" name="test_reset_all_user_states" time="4.711" /><testcase classname="backend.tests.test_global_state_sync.TestSimulationEndpoint" name="test_simulate_floor_closure" time="0.660" /><testcase classname="backend.tests.test_global_state_sync.TestDashboardAnalytics" name="test_dashboard_with_active_optimizations" time="1.696" /><testcase classname="backend.tests.test_global_state_sync.TestPropertyDetailWithState" name="test_property_detail_includes_state" time="1.317" /><testcase classname="backend.tests.test_global_state_sync.TestExecutiveSummaryWithOptimizations" name="test_executive_summary_endpoint" time="1.702" /><testcase classname="backend.tests.test_global_state_sync.TestSessionsEndpoint" name="test_create_session" time="0.860" /></testsuite></testsuites>