<?xml version="1.0" encoding="utf-8"?><testsuites name="pytest tests"><testsuite name="pytest" errors="0" failures="0" skipped="0" tests="38" time="33.167" timestamp="2026-02-12T18:28:05.239737+00:00" hostname="agent-env-08f1e4e1-63d2-47f4-ab26-a992c6ff2209"><testcase classname="backend.tests.test_mcp_whatsapp.TestHealthEndpoints" name="test_health_endpoint" time="0.860" /><testcase classname="backend.tests.test_mcp_whatsapp.TestHealthEndpoints" name="test_root_endpoint" time="0.865" /><testcase classname="backend.tests.test_mcp_whatsapp.TestMCPEndpoint" name="test_mcp_initialize" time="0.869" /><testcase classname="backend.tests.test_mcp_whatsapp.TestMCPEndpoint" name="test_mcp_tools_list" time="0.834" /><testcase classname="backend.tests.test_mcp_whatsapp.TestMCPEndpoint" name="test_mcp_tools_call_list_properties" time="0.833" /><testcase classname="backend.tests.test_mcp_whatsapp.TestMCPEndpoint" name="test_mcp_tools_call_get_property_overview" time="0.636" /><testcase classname="backend.tests.test_mcp_whatsapp.TestMCPEndpoint" name="test_mcp_error_response_format" time="0.831" /><testcase classname="backend.tests.test_mcp_whatsapp.TestMCPEndpoint" name="test_mcp_unknown_tool_error" time="0.663" /><testcase classname="backend.tests.test_mcp_whatsapp.TestWhatsAppEndpoints" name="test_whatsapp_status_endpoint" time="0.806" /><testcase classname="backend.tests.test_mcp_whatsapp.TestWhatsAppEndpoints" name="test_whatsapp_webhook_list_command" time="0.626" /><testcase classname="backend.tests.test_mcp_whatsapp.TestWhatsAppEndpoints" name="test_whatsapp_webhook_property_query" time="0.860" /><testcase classname="backend.tests.test_mcp_whatsapp.TestWhatsAppEndpoints" name="test_whatsapp_webhook_help_command" time="0.866" /><testcase classname="backend.tests.test_mcp_whatsapp.TestWhatsAppEndpoints" name="test_whatsapp_webhook_default_response" time="0.666" /><testcase classname="backend.tests.test_mcp_whatsapp.TestAuthAndProtectedRoutes" name="test_properties_requires_auth" time="0.871" /><testcase classname="backend.tests.test_mcp_whatsapp.TestAuthAndProtectedRoutes" name="test_openai_mcp_removed" time="0.720" /><testcase classname="backend.tests.test_mcp_whatsapp.TestMCPAdditionalTools" name="test_simulate_floor_closure" time="0.830" /><testcase classname="backend.tests.test_mcp_whatsapp.TestMCPAdditionalTools" name="test_energy_savings_report" time="0.893" /><testcase classname="backend.tests.test_mcp_whatsapp.TestMCPAdditionalTools" name="test_get_recommendations" time="0.833" /><testcase classname="backend.tests.test_whatsapp_backlog.TestMessageTemplates" name="test_help_command_returns_templated_response" time="0.662" /><testcase classname="backend.tests.test_whatsapp_backlog.TestMessageTemplates" name="test_list_command_returns_property_list_template" time="0.830" /><testcase classname="backend.tests.test_whatsapp_backlog.TestMessageTemplates" name="test_property_name_query_returns_detailed_template" time="0.873" /><testcase classname="backend.tests.test_whatsapp_backlog.TestMessageTemplates" name="test_partial_property_name_match" time="0.852" /><testcase classname="backend.tests.test_whatsapp_backlog.TestAlertsCommand" name="test_alerts_command_returns_response" time="0.643" /><testcase classname="backend.tests.test_whatsapp_backlog.TestStatusCommand" name="test_status_command_returns_system_status" time="0.860" /><testcase classname="backend.tests.test_whatsapp_backlog.TestSubscribeCommand" name="test_subscribe_command_subscribes_to_alerts" time="0.874" /><testcase classname="backend.tests.test_whatsapp_backlog.TestUnsubscribeCommand" name="test_unsubscribe_command_unsubscribes_from_alerts" time="1.652" /><testcase classname="backend.tests.test_whatsapp_backlog.TestWhatsAppStatusEndpoint" name="test_status_endpoint_shows_alert_scheduler_running" time="0.810" /><testcase classname="backend.tests.test_whatsapp_backlog.TestConversationHistoryPersistence" name="test_webhook_saves_inbound_message" time="0.659" /><testcase classname="backend.tests.test_whatsapp_backlog.TestConversationHistoryPersistence" name="test_multiple_messages_in_session" time="2.409" /><testcase classname="backend.tests.test_whatsapp_backlog.TestAlertSubscriptionEndpoints" name="test_subscribe_endpoint_requires_auth" time="0.830" /><testcase classname="backend.tests.test_whatsapp_backlog.TestAlertSubscriptionEndpoints" name="test_unsubscribe_endpoint_requires_auth" time="0.853" /><testcase classname="backend.tests.test_whatsapp_backlog.TestAlertSubscriptionEndpoints" name="test_subscriptions_endpoint_requires_auth" time="0.828" /><testcase classname="backend.tests.test_whatsapp_backlog.TestAlertSubscriptionEndpoints" name="test_alert_history_endpoint_requires_auth" time="0.638" /><testcase classname="backend.tests.test_whatsapp_backlog.TestAlertSubscriptionEndpoints" name="test_check_now_endpoint_requires_auth" time="0.863" /><testcase classname="backend.tests.test_whatsapp_backlog.TestConversationHistoryEndpoints" name="test_conversations_endpoint_requires_auth" time="0.633" /><testcase classname="backend.tests.test_whatsapp_backlog.TestConversationHistoryEndpoints" name="test_conversation_by_phone_requires_auth" time="0.863" /><testcase classname="backend.tests.test_whatsapp_backlog.TestWelcomeMessage" name="test_unknown_command_returns_welcome" time="0.654" /><testcase classname="backend.tests.test_whatsapp_backlog.TestHealthCheck" name="test_api_health" time="1.388" /></testsuite></testsuites>